<?xml version="1.0" encoding="UTF-8"?>
<!-- Generated by org.testng.reporters.JUnitXMLReporter -->
<testsuite ignored="0" hostname="Dhruv" failures="0" tests="4" name="Test" time="8.75" errors="0" timestamp="2024-03-18T13:44:40 IST">
  <testcase classname="api.Tests.UserTests" name="testPostUser" time="3.428"/>
  <testcase classname="api.Tests.UserTests" name="testGetUser" time="1.448"/>
  <testcase classname="api.Tests.UserTests" name="testUpdateUser" time="1.467"/>
  <testcase classname="api.Tests.UserTests" name="testDeleteUser" time="1.458"/>
</testsuite> <!-- Test -->
