<?xml version="1.0" encoding="UTF-8"?>
<!-- Generated by org.testng.reporters.JUnitXMLReporter -->
<testsuite ignored="0" hostname="Dhruv" failures="0" tests="8" name="Test" time="20.833" errors="0" timestamp="2023-11-04T08:09:05 IST">
  <testcase classname="api.Tests.DataDrivenTest" name="testPostUser" time="4.167"/>
  <testcase classname="api.Tests.DataDrivenTest" name="testPostUser" time="2.081"/>
  <testcase classname="api.Tests.DataDrivenTest" name="testPostUser" time="2.246"/>
  <testcase classname="api.Tests.DataDrivenTest" name="testPostUser" time="1.955"/>
  <testcase classname="api.Tests.DataDrivenTest" name="testDeleteUser" time="2.02"/>
  <testcase classname="api.Tests.DataDrivenTest" name="testDeleteUser" time="2.045"/>
  <testcase classname="api.Tests.DataDrivenTest" name="testDeleteUser" time="2.248"/>
  <testcase classname="api.Tests.DataDrivenTest" name="testDeleteUser" time="2.045"/>
</testsuite> <!-- Test -->
