<?xml version="1.0" encoding="UTF-8"?>
<!-- Generated by org.testng.reporters.JUnitXMLReporter -->
<testsuite ignored="0" hostname="Dhruv" failures="0" tests="4" name="Default test" time="9.943" errors="0" timestamp="2023-12-20T16:28:52 IST">
  <testcase classname="api.Tests.UserTests" name="testPostUser" time="3.885"/>
  <testcase classname="api.Tests.UserTests" name="testGetUser" time="1.843"/>
  <testcase classname="api.Tests.UserTests" name="testUpdateUser" time="1.598"/>
  <testcase classname="api.Tests.UserTests" name="testDeleteUser" time="1.625"/>
</testsuite> <!-- Default test -->
