<?xml version="1.0" encoding="UTF-8"?>
<!-- Generated by org.testng.reporters.JUnitXMLReporter -->
<testsuite ignored="0" hostname="Dhruv" failures="0" tests="4" name="Default test" time="16.149" errors="0" timestamp="2023-11-04T19:03:21 IST">
  <testcase classname="api.Tests.UserTests" name="testPostUser" time="10.41"/>
  <testcase classname="api.Tests.UserTests" name="testGetUser" time="1.644"/>
  <testcase classname="api.Tests.UserTests" name="testUpdateUser" time="1.675"/>
  <testcase classname="api.Tests.UserTests" name="testDeleteUser" time="1.65"/>
</testsuite> <!-- Default test -->
