<?xml version="1.0" encoding="UTF-8"?>
<!-- Generated by org.testng.reporters.JUnitXMLReporter -->
<testsuite ignored="0" hostname="Dhruv" failures="0" tests="8" name="Test" time="33.787" errors="0" timestamp="2023-11-03T08:59:26 IST">
  <testcase classname="api.Tests.DataDrivenTest" name="testPostUser" time="5.539"/>
  <testcase classname="api.Tests.DataDrivenTest" name="testPostUser" time="2.421"/>
  <testcase classname="api.Tests.DataDrivenTest" name="testPostUser" time="4.246"/>
  <testcase classname="api.Tests.DataDrivenTest" name="testPostUser" time="3.022"/>
  <testcase classname="api.Tests.DataDrivenTest" name="testDeleteUser" time="1.786"/>
  <testcase classname="api.Tests.DataDrivenTest" name="testDeleteUser" time="2.394"/>
  <testcase classname="api.Tests.DataDrivenTest" name="testDeleteUser" time="5.851"/>
  <testcase classname="api.Tests.DataDrivenTest" name="testDeleteUser" time="5.975"/>
</testsuite> <!-- Test -->
