<?xml version="1.0" encoding="UTF-8"?>
<!-- Generated by org.testng.reporters.JUnitXMLReporter -->
<testsuite ignored="0" hostname="Dhruv" failures="0" tests="8" name="Test" time="31.61" errors="0" timestamp="2023-11-04T19:05:09 IST">
  <testcase classname="api.Tests.DataDrivenTest" name="testPostUser" time="3.067"/>
  <testcase classname="api.Tests.DataDrivenTest" name="testPostUser" time="1.607"/>
  <testcase classname="api.Tests.DataDrivenTest" name="testPostUser" time="1.617"/>
  <testcase classname="api.Tests.DataDrivenTest" name="testPostUser" time="1.662"/>
  <testcase classname="api.Tests.DataDrivenTest" name="testDeleteUser" time="1.625"/>
  <testcase classname="api.Tests.DataDrivenTest" name="testDeleteUser" time="1.601"/>
  <testcase classname="api.Tests.DataDrivenTest" name="testDeleteUser" time="4.103"/>
  <testcase classname="api.Tests.DataDrivenTest" name="testDeleteUser" time="14.578"/>
</testsuite> <!-- Test -->
