<?xml version="1.0" encoding="UTF-8"?>
<testng-results ignored="0" total="4" passed="4" failed="0" skipped="0">
  <reporter-output>
  </reporter-output>
  <suite started-at="2023-10-24T02:30:44 IST" name="UserSuite" finished-at="2023-10-24T02:30:55 IST" duration-ms="11221">
    <groups>
    </groups>
    <test started-at="2023-10-24T02:30:44 IST" name="Test" finished-at="2023-10-24T02:30:55 IST" duration-ms="11221">
      <class name="api.Tests.UserTests2">
        <test-method is-config="true" signature="setUpData()[pri:0, instance:api.Tests.UserTests2@402bba4f]" started-at="2023-10-24T02:30:44 IST" name="setUpData" finished-at="2023-10-24T02:30:45 IST" duration-ms="670" status="PASS">
          <reporter-output>
          </reporter-output>
        </test-method> <!-- setUpData -->
        <test-method signature="testPostUser()[pri:1, instance:api.Tests.UserTests2@402bba4f]" started-at="2023-10-24T02:30:45 IST" name="testPostUser" finished-at="2023-10-24T02:30:49 IST" duration-ms="4460" status="PASS">
          <reporter-output>
          </reporter-output>
        </test-method> <!-- testPostUser -->
        <test-method signature="testGetUser()[pri:2, instance:api.Tests.UserTests2@402bba4f]" started-at="2023-10-24T02:30:49 IST" name="testGetUser" finished-at="2023-10-24T02:30:51 IST" duration-ms="1908" status="PASS">
          <reporter-output>
          </reporter-output>
        </test-method> <!-- testGetUser -->
        <test-method signature="testUpdateUser()[pri:3, instance:api.Tests.UserTests2@402bba4f]" started-at="2023-10-24T02:30:51 IST" name="testUpdateUser" finished-at="2023-10-24T02:30:53 IST" duration-ms="2148" status="PASS">
          <reporter-output>
          </reporter-output>
        </test-method> <!-- testUpdateUser -->
        <test-method signature="testDeleteUser()[pri:4, instance:api.Tests.UserTests2@402bba4f]" started-at="2023-10-24T02:30:53 IST" name="testDeleteUser" finished-at="2023-10-24T02:30:55 IST" duration-ms="1738" status="PASS">
          <reporter-output>
          </reporter-output>
        </test-method> <!-- testDeleteUser -->
      </class> <!-- api.Tests.UserTests2 -->
    </test> <!-- Test -->
  </suite> <!-- UserSuite -->
</testng-results>
