<?xml version="1.0" encoding="UTF-8"?>
<testng-results ignored="0" total="8" passed="8" failed="0" skipped="0">
  <reporter-output>
  </reporter-output>
  <suite started-at="2024-01-25T12:16:30 IST" name="UserSuite" finished-at="2024-01-25T12:16:47 IST" duration-ms="17552">
    <groups>
    </groups>
    <test started-at="2024-01-25T12:16:30 IST" name="Test" finished-at="2024-01-25T12:16:47 IST" duration-ms="17552">
      <class name="api.Tests.DataDrivenTest">
        <test-method signature="testPostUser(java.lang.String,java.lang.String,java.lang.String,java.lang.String,java.lang.String,java.lang.String,java.lang.String)[pri:1, instance:api.Tests.DataDrivenTest@595b007d]" started-at="2024-01-25T12:16:31 IST" name="testPostUser" data-provider="Data" finished-at="2024-01-25T12:16:35 IST" duration-ms="3383" status="PASS">
          <params>
            <param index="0">
              <value>
                <![CDATA[1000]]>
              </value>
            </param>
            <param index="1">
              <value>
                <![CDATA[choudhariSagar]]>
              </value>
            </param>
            <param index="2">
              <value>
                <![CDATA[Sagar]]>
              </value>
            </param>
            <param index="3">
              <value>
                <![CDATA[choudhari]]>
              </value>
            </param>
            <param index="4">
              <value>
                <![CDATA[Sagar@choudhari]]>
              </value>
            </param>
            <param index="5">
              <value>
                <![CDATA[pass@word1234]]>
              </value>
            </param>
            <param index="6">
              <value>
                <![CDATA[9503876892]]>
              </value>
            </param>
          </params>
          <reporter-output>
          </reporter-output>
        </test-method> <!-- testPostUser -->
        <test-method signature="testPostUser(java.lang.String,java.lang.String,java.lang.String,java.lang.String,java.lang.String,java.lang.String,java.lang.String)[pri:1, instance:api.Tests.DataDrivenTest@595b007d]" started-at="2024-01-25T12:16:35 IST" name="testPostUser" data-provider="Data" finished-at="2024-01-25T12:16:37 IST" duration-ms="1753" status="PASS">
          <params>
            <param index="0">
              <value>
                <![CDATA[1001]]>
              </value>
            </param>
            <param index="1">
              <value>
                <![CDATA[choudhariDhruv]]>
              </value>
            </param>
            <param index="2">
              <value>
                <![CDATA[Dhruv]]>
              </value>
            </param>
            <param index="3">
              <value>
                <![CDATA[choudhari]]>
              </value>
            </param>
            <param index="4">
              <value>
                <![CDATA[Dhruv@choudhari]]>
              </value>
            </param>
            <param index="5">
              <value>
                <![CDATA[password@12345]]>
              </value>
            </param>
            <param index="6">
              <value>
                <![CDATA[7499114080]]>
              </value>
            </param>
          </params>
          <reporter-output>
          </reporter-output>
        </test-method> <!-- testPostUser -->
        <test-method signature="testPostUser(java.lang.String,java.lang.String,java.lang.String,java.lang.String,java.lang.String,java.lang.String,java.lang.String)[pri:1, instance:api.Tests.DataDrivenTest@595b007d]" started-at="2024-01-25T12:16:37 IST" name="testPostUser" data-provider="Data" finished-at="2024-01-25T12:16:39 IST" duration-ms="1941" status="PASS">
          <params>
            <param index="0">
              <value>
                <![CDATA[1002]]>
              </value>
            </param>
            <param index="1">
              <value>
                <![CDATA[choudhariRushali]]>
              </value>
            </param>
            <param index="2">
              <value>
                <![CDATA[Rushali]]>
              </value>
            </param>
            <param index="3">
              <value>
                <![CDATA[choudhari]]>
              </value>
            </param>
            <param index="4">
              <value>
                <![CDATA[Rushali@choudhari]]>
              </value>
            </param>
            <param index="5">
              <value>
                <![CDATA[passw@12345]]>
              </value>
            </param>
            <param index="6">
              <value>
                <![CDATA[9096971112]]>
              </value>
            </param>
          </params>
          <reporter-output>
          </reporter-output>
        </test-method> <!-- testPostUser -->
        <test-method signature="testPostUser(java.lang.String,java.lang.String,java.lang.String,java.lang.String,java.lang.String,java.lang.String,java.lang.String)[pri:1, instance:api.Tests.DataDrivenTest@595b007d]" started-at="2024-01-25T12:16:39 IST" name="testPostUser" data-provider="Data" finished-at="2024-01-25T12:16:40 IST" duration-ms="1836" status="PASS">
          <params>
            <param index="0">
              <value>
                <![CDATA[1003]]>
              </value>
            </param>
            <param index="1">
              <value>
                <![CDATA[choudhariSharvari]]>
              </value>
            </param>
            <param index="2">
              <value>
                <![CDATA[Sharvari]]>
              </value>
            </param>
            <param index="3">
              <value>
                <![CDATA[choudhari]]>
              </value>
            </param>
            <param index="4">
              <value>
                <![CDATA[sharwari@choudhari]]>
              </value>
            </param>
            <param index="5">
              <value>
                <![CDATA[pass@12344]]>
              </value>
            </param>
            <param index="6">
              <value>
                <![CDATA[9011449230]]>
              </value>
            </param>
          </params>
          <reporter-output>
          </reporter-output>
        </test-method> <!-- testPostUser -->
        <test-method signature="testDeleteUser(java.lang.String)[pri:2, instance:api.Tests.DataDrivenTest@595b007d]" started-at="2024-01-25T12:16:40 IST" name="testDeleteUser" data-provider="UserNames" finished-at="2024-01-25T12:16:42 IST" duration-ms="1842" status="PASS">
          <params>
            <param index="0">
              <value>
                <![CDATA[choudhariSagar]]>
              </value>
            </param>
          </params>
          <reporter-output>
          </reporter-output>
        </test-method> <!-- testDeleteUser -->
        <test-method signature="testDeleteUser(java.lang.String)[pri:2, instance:api.Tests.DataDrivenTest@595b007d]" started-at="2024-01-25T12:16:42 IST" name="testDeleteUser" data-provider="UserNames" finished-at="2024-01-25T12:16:44 IST" duration-ms="1841" status="PASS">
          <params>
            <param index="0">
              <value>
                <![CDATA[choudhariDhruv]]>
              </value>
            </param>
          </params>
          <reporter-output>
          </reporter-output>
        </test-method> <!-- testDeleteUser -->
        <test-method signature="testDeleteUser(java.lang.String)[pri:2, instance:api.Tests.DataDrivenTest@595b007d]" started-at="2024-01-25T12:16:44 IST" name="testDeleteUser" data-provider="UserNames" finished-at="2024-01-25T12:16:46 IST" duration-ms="1635" status="PASS">
          <params>
            <param index="0">
              <value>
                <![CDATA[choudhariRushali]]>
              </value>
            </param>
          </params>
          <reporter-output>
          </reporter-output>
        </test-method> <!-- testDeleteUser -->
        <test-method signature="testDeleteUser(java.lang.String)[pri:2, instance:api.Tests.DataDrivenTest@595b007d]" started-at="2024-01-25T12:16:46 IST" name="testDeleteUser" data-provider="UserNames" finished-at="2024-01-25T12:16:47 IST" duration-ms="1637" status="PASS">
          <params>
            <param index="0">
              <value>
                <![CDATA[choudhariSharvari]]>
              </value>
            </param>
          </params>
          <reporter-output>
          </reporter-output>
        </test-method> <!-- testDeleteUser -->
      </class> <!-- api.Tests.DataDrivenTest -->
    </test> <!-- Test -->
  </suite> <!-- UserSuite -->
</testng-results>
